[debug] [2024-09-30T08:45:55.526Z] ----------------------------------------------------------------------
[debug] [2024-09-30T08:45:55.528Z] Command:       C:\Program Files\nodejs\node.exe C:\Users\DELL\AppData\Roaming\npm\node_modules\firebase-tools\lib\bin\firebase.js init functions
[debug] [2024-09-30T08:45:55.529Z] CLI Version:   13.20.1
[debug] [2024-09-30T08:45:55.529Z] Platform:      win32
[debug] [2024-09-30T08:45:55.529Z] Node Version:  v20.17.0
[debug] [2024-09-30T08:45:55.529Z] Time:          Mon Sep 30 2024 14:15:55 GMT+0530 (India Standard Time)
[debug] [2024-09-30T08:45:55.529Z] ----------------------------------------------------------------------
[debug] 
[debug] [2024-09-30T08:45:55.590Z] > command requires scopes: ["email","openid","https://www.googleapis.com/auth/cloudplatformprojects.readonly","https://www.googleapis.com/auth/firebase","https://www.googleapis.com/auth/cloud-platform"]
[debug] [2024-09-30T08:45:55.590Z] > authorizing via signed-in user (bhauraojadhav703@gmail.com)
[info] 
     ######## #### ########  ######## ########     ###     ######  ########
     ##        ##  ##     ## ##       ##     ##  ##   ##  ##       ##
     ######    ##  ########  ######   ########  #########  ######  ######
     ##        ##  ##    ##  ##       ##     ## ##     ##       ## ##
     ##       #### ##     ## ######## ########  ##     ##  ######  ########

You're about to initialize a Firebase project in this directory:

  C:\Users\DELL

Before we get started, keep in mind:

  * You are initializing within an existing Firebase project directory

[info] 
=== Project Setup
[info] 
[info] First, let's associate this project directory with a Firebase project.
[info] You can create multiple project aliases by running firebase use --add, 
[info] but for now we'll just set up a default project.
[info] 
[debug] [2024-09-30T08:45:59.749Z] Using project from CLI flag: my-fullstack-58916
[debug] [2024-09-30T08:45:59.751Z] Checked if tokens are valid: true, expires at: 1727689499459
[debug] [2024-09-30T08:45:59.751Z] Checked if tokens are valid: true, expires at: 1727689499459
[debug] [2024-09-30T08:45:59.753Z] >>> [apiv2][query] GET https://firebase.googleapis.com/v1beta1/projects/my-fullstack-58916 [none]
[debug] [2024-09-30T08:46:00.535Z] <<< [apiv2][status] GET https://firebase.googleapis.com/v1beta1/projects/my-fullstack-58916 200
[debug] [2024-09-30T08:46:00.535Z] <<< [apiv2][body] GET https://firebase.googleapis.com/v1beta1/projects/my-fullstack-58916 {"projectId":"my-fullstack-58916","projectNumber":"767183657207","displayName":"My-fullstack","name":"projects/my-fullstack-58916","resources":{"hostingSite":"my-fullstack-58916"},"state":"ACTIVE","etag":"1_231b3bfd-e011-43ca-8bb0-29cf58177b97"}
[info] i  Using project my-fullstack-58916 (My-fullstack) 
[info] 
=== Functions Setup
[debug] [2024-09-30T08:46:00.542Z] > command requires scopes: ["email","openid","https://www.googleapis.com/auth/cloudplatformprojects.readonly","https://www.googleapis.com/auth/firebase","https://www.googleapis.com/auth/cloud-platform"]
[debug] [2024-09-30T08:46:00.542Z] > authorizing via signed-in user (bhauraojadhav703@gmail.com)
[debug] [2024-09-30T08:46:00.543Z] [iam] checking project my-fullstack-58916 for permissions ["firebase.projects.get"]
[debug] [2024-09-30T08:46:00.543Z] Checked if tokens are valid: true, expires at: 1727689499459
[debug] [2024-09-30T08:46:00.543Z] Checked if tokens are valid: true, expires at: 1727689499459
[debug] [2024-09-30T08:46:00.543Z] >>> [apiv2][query] POST https://cloudresourcemanager.googleapis.com/v1/projects/my-fullstack-58916:testIamPermissions [none]
[debug] [2024-09-30T08:46:00.543Z] >>> [apiv2][(partial)header] POST https://cloudresourcemanager.googleapis.com/v1/projects/my-fullstack-58916:testIamPermissions x-goog-quota-user=projects/my-fullstack-58916
[debug] [2024-09-30T08:46:00.543Z] >>> [apiv2][body] POST https://cloudresourcemanager.googleapis.com/v1/projects/my-fullstack-58916:testIamPermissions {"permissions":["firebase.projects.get"]}
[debug] [2024-09-30T08:46:02.682Z] <<< [apiv2][status] POST https://cloudresourcemanager.googleapis.com/v1/projects/my-fullstack-58916:testIamPermissions 200
[debug] [2024-09-30T08:46:02.682Z] <<< [apiv2][body] POST https://cloudresourcemanager.googleapis.com/v1/projects/my-fullstack-58916:testIamPermissions {"permissions":["firebase.projects.get"]}
[debug] [2024-09-30T08:46:02.683Z] Checked if tokens are valid: true, expires at: 1727689499459
[debug] [2024-09-30T08:46:02.684Z] Checked if tokens are valid: true, expires at: 1727689499459
[debug] [2024-09-30T08:46:02.684Z] Checked if tokens are valid: true, expires at: 1727689499459
[debug] [2024-09-30T08:46:02.684Z] Checked if tokens are valid: true, expires at: 1727689499459
[debug] [2024-09-30T08:46:02.684Z] >>> [apiv2][query] GET https://serviceusage.googleapis.com/v1/projects/my-fullstack-58916/services/cloudfunctions.googleapis.com [none]
[debug] [2024-09-30T08:46:02.684Z] >>> [apiv2][(partial)header] GET https://serviceusage.googleapis.com/v1/projects/my-fullstack-58916/services/cloudfunctions.googleapis.com x-goog-quota-user=projects/my-fullstack-58916
[debug] [2024-09-30T08:46:02.686Z] >>> [apiv2][query] GET https://serviceusage.googleapis.com/v1/projects/my-fullstack-58916/services/runtimeconfig.googleapis.com [none]
[debug] [2024-09-30T08:46:02.686Z] >>> [apiv2][(partial)header] GET https://serviceusage.googleapis.com/v1/projects/my-fullstack-58916/services/runtimeconfig.googleapis.com x-goog-quota-user=projects/my-fullstack-58916
[debug] [2024-09-30T08:46:04.848Z] <<< [apiv2][status] GET https://serviceusage.googleapis.com/v1/projects/my-fullstack-58916/services/runtimeconfig.googleapis.com 200
[debug] [2024-09-30T08:46:04.849Z] <<< [apiv2][body] GET https://serviceusage.googleapis.com/v1/projects/my-fullstack-58916/services/runtimeconfig.googleapis.com [omitted]
[debug] [2024-09-30T08:46:04.877Z] <<< [apiv2][status] GET https://serviceusage.googleapis.com/v1/projects/my-fullstack-58916/services/cloudfunctions.googleapis.com 200
[debug] [2024-09-30T08:46:04.877Z] <<< [apiv2][body] GET https://serviceusage.googleapis.com/v1/projects/my-fullstack-58916/services/cloudfunctions.googleapis.com [omitted]
[info] 
Detected existing codebase(s): default

[info] Let's create a new codebase for your functions.
[info] A directory corresponding to the codebase will be created in your project
[info] with sample code pre-configured.

[info] See https://firebase.google.com/docs/functions/organize-functions for
[info] more information on organizing your functions using codebases.

[info] Functions can be deployed with firebase deploy.

[debug] [2024-09-30T09:45:20.209Z] ----------------------------------------------------------------------
[debug] [2024-09-30T09:45:20.223Z] Command:       C:\Program Files\nodejs\node.exe C:\Users\DELL\AppData\Roaming\npm\node_modules\firebase-tools\lib\bin\firebase.js deploy --only functions
[debug] [2024-09-30T09:45:20.224Z] CLI Version:   13.20.1
[debug] [2024-09-30T09:45:20.225Z] Platform:      win32
[debug] [2024-09-30T09:45:20.225Z] Node Version:  v20.17.0
[debug] [2024-09-30T09:45:20.226Z] Time:          Mon Sep 30 2024 15:15:20 GMT+0530 (India Standard Time)
[debug] [2024-09-30T09:45:20.226Z] ----------------------------------------------------------------------
[debug] 
[debug] [2024-09-30T09:45:20.388Z] > command requires scopes: ["email","openid","https://www.googleapis.com/auth/cloudplatformprojects.readonly","https://www.googleapis.com/auth/firebase","https://www.googleapis.com/auth/cloud-platform"]
[debug] [2024-09-30T09:45:20.389Z] > authorizing via signed-in user (bhauraojadhav703@gmail.com)
[debug] [2024-09-30T09:45:20.389Z] [iam] checking project my-fullstack-58916 for permissions ["cloudfunctions.functions.create","cloudfunctions.functions.delete","cloudfunctions.functions.get","cloudfunctions.functions.list","cloudfunctions.functions.update","cloudfunctions.operations.get","firebase.projects.get"]
[debug] [2024-09-30T09:45:20.393Z] Checked if tokens are valid: false, expires at: 1727689499459
[debug] [2024-09-30T09:45:20.393Z] Checked if tokens are valid: false, expires at: 1727689499459
[debug] [2024-09-30T09:45:20.395Z] > refreshing access token with scopes: []
[debug] [2024-09-30T09:45:20.398Z] >>> [apiv2][query] POST https://www.googleapis.com/oauth2/v3/token [none]
[debug] [2024-09-30T09:45:20.399Z] >>> [apiv2][body] POST https://www.googleapis.com/oauth2/v3/token [omitted]
[debug] [2024-09-30T09:45:21.046Z] <<< [apiv2][status] POST https://www.googleapis.com/oauth2/v3/token 200
[debug] [2024-09-30T09:45:21.047Z] <<< [apiv2][body] POST https://www.googleapis.com/oauth2/v3/token [omitted]
[debug] [2024-09-30T09:45:21.058Z] >>> [apiv2][query] POST https://cloudresourcemanager.googleapis.com/v1/projects/my-fullstack-58916:testIamPermissions [none]
[debug] [2024-09-30T09:45:21.058Z] >>> [apiv2][(partial)header] POST https://cloudresourcemanager.googleapis.com/v1/projects/my-fullstack-58916:testIamPermissions x-goog-quota-user=projects/my-fullstack-58916
[debug] [2024-09-30T09:45:21.058Z] >>> [apiv2][body] POST https://cloudresourcemanager.googleapis.com/v1/projects/my-fullstack-58916:testIamPermissions {"permissions":["cloudfunctions.functions.create","cloudfunctions.functions.delete","cloudfunctions.functions.get","cloudfunctions.functions.list","cloudfunctions.functions.update","cloudfunctions.operations.get","firebase.projects.get"]}
[debug] [2024-09-30T09:45:22.864Z] <<< [apiv2][status] POST https://cloudresourcemanager.googleapis.com/v1/projects/my-fullstack-58916:testIamPermissions 200
[debug] [2024-09-30T09:45:22.865Z] <<< [apiv2][body] POST https://cloudresourcemanager.googleapis.com/v1/projects/my-fullstack-58916:testIamPermissions {"permissions":["cloudfunctions.functions.create","cloudfunctions.functions.delete","cloudfunctions.functions.get","cloudfunctions.functions.list","cloudfunctions.functions.update","cloudfunctions.operations.get","firebase.projects.get"]}
[debug] [2024-09-30T09:45:22.866Z] Checked if tokens are valid: true, expires at: 1727693120048
[debug] [2024-09-30T09:45:22.866Z] Checked if tokens are valid: true, expires at: 1727693120048
[debug] [2024-09-30T09:45:22.867Z] >>> [apiv2][query] POST https://iam.googleapis.com/v1/projects/my-fullstack-58916/serviceAccounts/my-fullstack-58916@appspot.gserviceaccount.com:testIamPermissions [none]
[debug] [2024-09-30T09:45:22.867Z] >>> [apiv2][body] POST https://iam.googleapis.com/v1/projects/my-fullstack-58916/serviceAccounts/my-fullstack-58916@appspot.gserviceaccount.com:testIamPermissions {"permissions":["iam.serviceAccounts.actAs"]}
[debug] [2024-09-30T09:45:24.902Z] <<< [apiv2][status] POST https://iam.googleapis.com/v1/projects/my-fullstack-58916/serviceAccounts/my-fullstack-58916@appspot.gserviceaccount.com:testIamPermissions 200
[debug] [2024-09-30T09:45:24.903Z] <<< [apiv2][body] POST https://iam.googleapis.com/v1/projects/my-fullstack-58916/serviceAccounts/my-fullstack-58916@appspot.gserviceaccount.com:testIamPermissions {"permissions":["iam.serviceAccounts.actAs"]}
[info] 
[info] === Deploying to 'my-fullstack-58916'...
[info] 
[info] i  deploying functions 
[info] Running command: npm --prefix "$RESOURCE_DIR" run lint
[info] Running command: npm --prefix "$RESOURCE_DIR" run build
[debug] [2024-09-30T09:46:07.583Z] Error: Timed out.
    at Timeout._onTimeout (C:\Users\DELL\AppData\Roaming\npm\node_modules\firebase-tools\lib\utils.js:268:49)
    at listOnTimeout (node:internal/timers:581:17)
    at process.processTimers (node:internal/timers:519:7)
[error] 
[error] Error: An unexpected error has occurred.
